#
# A fatal error has been detected by the Java Runtime Environment:
#
#  Internal Error (./src/hotspot/share/oops/generateOopMap.cpp:2164), pid=5652, tid=23752
#  fatal error: Illegal class file encountered. Try running with -Xverify:all in method removeByValue
#
# JRE version: OpenJDK Runtime Environment Corretto-11.0.12.7.1 (11.0.12+7) (build 11.0.12+7-LTS)
# Java VM: OpenJDK 64-Bit Server VM Corretto-11.0.12.7.1 (11.0.12+7-LTS, mixed mode, tiered, compressed oops, g1 gc, windows-amd64)
# No core dump will be written. Minidumps are not enabled by default on client versions of Windows
#
# If you would like to submit a bug report, please visit:
#   https://github.com/corretto/corretto-11/issues/
#

---------------  S U M M A R Y ------------

Command Line: -agentlib:jdwp=transport=dt_socket,suspend=y,address=localhost:64421 -ea -javaagent:C:\Users\Ray Nx\eclipse\jee-2021-06\eclipse\configuration\org.eclipse.osgi\415\0\.cp\lib\javaagent-shaded.jar -Dfile.encoding=UTF-8 org.eclipse.jdt.internal.junit.runner.RemoteTestRunner -version 3 -port 64420 -testLoaderClass org.eclipse.jdt.internal.junit4.runner.JUnit4TestLoader -loaderpluginname org.eclipse.jdt.junit4.runtime -classNames SkipListTest

Host: AMD Ryzen 7 5800X 8-Core Processor             , 16 cores, 31G,  Windows 10 , 64 bit Build 19041 (10.0.19041.1202)
Time: Sat Oct 16 22:14:29 2021 美加東部日光節約時間 elapsed time: 852.133387 seconds (0d 0h 14m 12s)

---------------  T H R E A D  ---------------

Current thread (0x00000215b1c39800):  VMThread "VM Thread" [stack: 0x000000c880200000,0x000000c880300000] [id=23752]

Stack: [0x000000c880200000,0x000000c880300000]
[error occurred during error reporting (printing stack bounds), id 0xc0000005, EXCEPTION_ACCESS_VIOLATION (0xc0000005) at pc=0x000002158b28112d]

Native frames: (J=compiled Java code, j=interpreted, Vv=VM code, C=native code)
V  [jvm.dll+0x601d7a]
V  [jvm.dll+0x78b45e]
V  [jvm.dll+0x78cb2f]
V  [jvm.dll+0x78d155]
V  [jvm.dll+0x78d10b]
V  [jvm.dll+0x601263]
V  [jvm.dll+0x601978]
C  [ntdll.dll+0xa20cf]
C  [ntdll.dll+0x51454]
C  [ntdll.dll+0xa0bfe]
C  0x000002158b28112d

VM_Operation (0x000000c880fff3c0): GetOrSetLocal, mode: safepoint, requested by thread 0x00000215b2078000


---------------  P R O C E S S  ---------------

Threads class SMR info:
_java_thread_list=0x00000215b30d4570, length=14, elements={
0x000002158135e800, 0x00000215b1c3a800, 0x00000215b1c64000, 0x00000215b1cca800,
0x00000215b1ccd800, 0x00000215b1cce800, 0x00000215b1cdb800, 0x00000215b1cde000,
0x00000215b1ce1800, 0x00000215b1d9c000, 0x00000215b2078000, 0x00000215b2079800,
0x00000215b207a800, 0x00000215b216f000
}

Java Threads: ( => current thread )
  0x000002158135e800 JavaThread "main" [_thread_blocked, id=28096, stack(0x000000c8ffc00000,0x000000c8ffd00000)]
  0x00000215b1c3a800 JavaThread "Reference Handler" daemon [_thread_blocked, id=27052, stack(0x000000c880300000,0x000000c880400000)]
  0x00000215b1c64000 JavaThread "Finalizer" daemon [_thread_blocked, id=8116, stack(0x000000c880400000,0x000000c880500000)]
  0x00000215b1cca800 JavaThread "Signal Dispatcher" daemon [_thread_blocked, id=13980, stack(0x000000c880500000,0x000000c880600000)]
  0x00000215b1ccd800 JavaThread "Attach Listener" daemon [_thread_blocked, id=27912, stack(0x000000c880600000,0x000000c880700000)]
  0x00000215b1cce800 JavaThread "Service Thread" daemon [_thread_blocked, id=27024, stack(0x000000c880700000,0x000000c880800000)]
  0x00000215b1cdb800 JavaThread "C2 CompilerThread0" daemon [_thread_blocked, id=9284, stack(0x000000c880800000,0x000000c880900000)]
  0x00000215b1cde000 JavaThread "C1 CompilerThread0" daemon [_thread_blocked, id=996, stack(0x000000c880900000,0x000000c880a00000)]
  0x00000215b1ce1800 JavaThread "Sweeper thread" daemon [_thread_blocked, id=17896, stack(0x000000c880a00000,0x000000c880b00000)]
  0x00000215b1d9c000 JavaThread "Common-Cleaner" daemon [_thread_blocked, id=22144, stack(0x000000c880b00000,0x000000c880c00000)]
  0x00000215b2078000 JavaThread "JDWP Transport Listener: dt_socket" daemon [_thread_blocked, id=6392, stack(0x000000c880f00000,0x000000c881000000)] _threads_hazard_ptr=0x00000215b30d4570
  0x00000215b2079800 JavaThread "JDWP Event Helper Thread" daemon [_thread_blocked, id=26728, stack(0x000000c881000000,0x000000c881100000)]
  0x00000215b207a800 JavaThread "JDWP Command Reader" daemon [_thread_in_native, id=12360, stack(0x000000c881100000,0x000000c881200000)]
  0x00000215b216f000 JavaThread "ReaderThread" [_thread_in_native, id=1508, stack(0x000000c881300000,0x000000c881400000)]

Other Threads:
=>0x00000215b1c39800 VMThread "VM Thread" [stack: 0x000000c880200000,0x000000c880300000] [id=23752]
  0x00000215b21e3000 WatcherThread [stack: 0x000000c881200000,0x000000c881300000] [id=19236]
  0x0000021581375800 GCTaskThread "GC Thread#0" [stack: 0x000000c8ffd00000,0x000000c8ffe00000] [id=27800]
  0x00000215813f7800 ConcurrentGCThread "G1 Main Marker" [stack: 0x000000c8ffe00000,0x000000c8fff00000] [id=20468]
  0x00000215813f9800 ConcurrentGCThread "G1 Conc#0" [stack: 0x000000c8fff00000,0x000000c900000000] [id=8356]
  0x00000215b129c800 ConcurrentGCThread "G1 Refine#0" [stack: 0x000000c880000000,0x000000c880100000] [id=11616]
  0x00000215b129d000 ConcurrentGCThread "G1 Young RemSet Sampling" [stack: 0x000000c880100000,0x000000c880200000] [id=2212]

Threads with active compile tasks:

VM state:at safepoint (normal execution)

VM Mutex/Monitor currently owned by a thread:  ([mutex/lock_event])
[0x000002158135a000] Threads_lock - owner thread: 0x00000215b1c39800

Heap address: 0x0000000601400000, size: 8172 MB, Compressed Oops mode: Zero based, Oop shift amount: 3
Narrow klass base: 0x0000000800000000, Narrow klass shift: 0
Compressed class space size: 1073741824 Address: 0x0000000800000000

Heap:
 garbage-first heap   total 524288K, used 16384K [0x0000000601400000, 0x0000000800000000)
  region size 2048K, 10 young (20480K), 0 survivors (0K)
 Metaspace       used 12951K, capacity 13228K, committed 13440K, reserved 1060864K
  class space    used 1225K, capacity 1300K, committed 1408K, reserved 1048576K
Heap Regions: E=young(eden), S=young(survivor), O=old, HS=humongous(starts), HC=humongous(continues), CS=collection set, F=free, A=archive, TAMS=top-at-mark-start (previous, next)
|   0|0x0000000601400000, 0x0000000601400000, 0x0000000601600000|  0%| F|  |TAMS 0x0000000601400000, 0x0000000601400000| Untracked 
|   1|0x0000000601600000, 0x0000000601600000, 0x0000000601800000|  0%| F|  |TAMS 0x0000000601600000, 0x0000000601600000| Untracked 
|   2|0x0000000601800000, 0x0000000601800000, 0x0000000601a00000|  0%| F|  |TAMS 0x0000000601800000, 0x0000000601800000| Untracked 
|   3|0x0000000601a00000, 0x0000000601a00000, 0x0000000601c00000|  0%| F|  |TAMS 0x0000000601a00000, 0x0000000601a00000| Untracked 
|   4|0x0000000601c00000, 0x0000000601c00000, 0x0000000601e00000|  0%| F|  |TAMS 0x0000000601c00000, 0x0000000601c00000| Untracked 
|   5|0x0000000601e00000, 0x0000000601e00000, 0x0000000602000000|  0%| F|  |TAMS 0x0000000601e00000, 0x0000000601e00000| Untracked 
|   6|0x0000000602000000, 0x0000000602000000, 0x0000000602200000|  0%| F|  |TAMS 0x0000000602000000, 0x0000000602000000| Untracked 
|   7|0x0000000602200000, 0x0000000602200000, 0x0000000602400000|  0%| F|  |TAMS 0x0000000602200000, 0x0000000602200000| Untracked 
|   8|0x0000000602400000, 0x0000000602400000, 0x0000000602600000|  0%| F|  |TAMS 0x0000000602400000, 0x0000000602400000| Untracked 
|   9|0x0000000602600000, 0x0000000602600000, 0x0000000602800000|  0%| F|  |TAMS 0x0000000602600000, 0x0000000602600000| Untracked 
|  10|0x0000000602800000, 0x0000000602800000, 0x0000000602a00000|  0%| F|  |TAMS 0x0000000602800000, 0x0000000602800000| Untracked 
|  11|0x0000000602a00000, 0x0000000602a00000, 0x0000000602c00000|  0%| F|  |TAMS 0x0000000602a00000, 0x0000000602a00000| Untracked 
|  12|0x0000000602c00000, 0x0000000602c00000, 0x0000000602e00000|  0%| F|  |TAMS 0x0000000602c00000, 0x0000000602c00000| Untracked 
|  13|0x0000000602e00000, 0x0000000602e00000, 0x0000000603000000|  0%| F|  |TAMS 0x0000000602e00000, 0x0000000602e00000| Untracked 
|  14|0x0000000603000000, 0x0000000603000000, 0x0000000603200000|  0%| F|  |TAMS 0x0000000603000000, 0x0000000603000000| Untracked 
|  15|0x0000000603200000, 0x0000000603200000, 0x0000000603400000|  0%| F|  |TAMS 0x0000000603200000, 0x0000000603200000| Untracked 
|  16|0x0000000603400000, 0x0000000603400000, 0x0000000603600000|  0%| F|  |TAMS 0x0000000603400000, 0x0000000603400000| Untracked 
|  17|0x0000000603600000, 0x0000000603600000, 0x0000000603800000|  0%| F|  |TAMS 0x0000000603600000, 0x0000000603600000| Untracked 
|  18|0x0000000603800000, 0x0000000603800000, 0x0000000603a00000|  0%| F|  |TAMS 0x0000000603800000, 0x0000000603800000| Untracked 
|  19|0x0000000603a00000, 0x0000000603a00000, 0x0000000603c00000|  0%| F|  |TAMS 0x0000000603a00000, 0x0000000603a00000| Untracked 
|  20|0x0000000603c00000, 0x0000000603c00000, 0x0000000603e00000|  0%| F|  |TAMS 0x0000000603c00000, 0x0000000603c00000| Untracked 
|  21|0x0000000603e00000, 0x0000000603e00000, 0x0000000604000000|  0%| F|  |TAMS 0x0000000603e00000, 0x0000000603e00000| Untracked 
|  22|0x0000000604000000, 0x0000000604000000, 0x0000000604200000|  0%| F|  |TAMS 0x0000000604000000, 0x0000000604000000| Untracked 
|  23|0x0000000604200000, 0x0000000604200000, 0x0000000604400000|  0%| F|  |TAMS 0x0000000604200000, 0x0000000604200000| Untracked 
|  24|0x0000000604400000, 0x0000000604400000, 0x0000000604600000|  0%| F|  |TAMS 0x0000000604400000, 0x0000000604400000| Untracked 
|  25|0x0000000604600000, 0x0000000604600000, 0x0000000604800000|  0%| F|  |TAMS 0x0000000604600000, 0x0000000604600000| Untracked 
|  26|0x0000000604800000, 0x0000000604800000, 0x0000000604a00000|  0%| F|  |TAMS 0x0000000604800000, 0x0000000604800000| Untracked 
|  27|0x0000000604a00000, 0x0000000604a00000, 0x0000000604c00000|  0%| F|  |TAMS 0x0000000604a00000, 0x0000000604a00000| Untracked 
|  28|0x0000000604c00000, 0x0000000604c00000, 0x0000000604e00000|  0%| F|  |TAMS 0x0000000604c00000, 0x0000000604c00000| Untracked 
|  29|0x0000000604e00000, 0x0000000604e00000, 0x0000000605000000|  0%| F|  |TAMS 0x0000000604e00000, 0x0000000604e00000| Untracked 
|  30|0x0000000605000000, 0x0000000605000000, 0x0000000605200000|  0%| F|  |TAMS 0x0000000605000000, 0x0000000605000000| Untracked 
|  31|0x0000000605200000, 0x0000000605200000, 0x0000000605400000|  0%| F|  |TAMS 0x0000000605200000, 0x0000000605200000| Untracked 
|  32|0x0000000605400000, 0x0000000605400000, 0x0000000605600000|  0%| F|  |TAMS 0x0000000605400000, 0x0000000605400000| Untracked 
|  33|0x0000000605600000, 0x0000000605600000, 0x0000000605800000|  0%| F|  |TAMS 0x0000000605600000, 0x0000000605600000| Untracked 
|  34|0x0000000605800000, 0x0000000605800000, 0x0000000605a00000|  0%| F|  |TAMS 0x0000000605800000, 0x0000000605800000| Untracked 
|  35|0x0000000605a00000, 0x0000000605a00000, 0x0000000605c00000|  0%| F|  |TAMS 0x0000000605a00000, 0x0000000605a00000| Untracked 
|  36|0x0000000605c00000, 0x0000000605c00000, 0x0000000605e00000|  0%| F|  |TAMS 0x0000000605c00000, 0x0000000605c00000| Untracked 
|  37|0x0000000605e00000, 0x0000000605e00000, 0x0000000606000000|  0%| F|  |TAMS 0x0000000605e00000, 0x0000000605e00000| Untracked 
|  38|0x0000000606000000, 0x0000000606000000, 0x0000000606200000|  0%| F|  |TAMS 0x0000000606000000, 0x0000000606000000| Untracked 
|  39|0x0000000606200000, 0x0000000606200000, 0x0000000606400000|  0%| F|  |TAMS 0x0000000606200000, 0x0000000606200000| Untracked 
|  40|0x0000000606400000, 0x0000000606400000, 0x0000000606600000|  0%| F|  |TAMS 0x0000000606400000, 0x0000000606400000| Untracked 
|  41|0x0000000606600000, 0x0000000606600000, 0x0000000606800000|  0%| F|  |TAMS 0x0000000606600000, 0x0000000606600000| Untracked 
|  42|0x0000000606800000, 0x0000000606800000, 0x0000000606a00000|  0%| F|  |TAMS 0x0000000606800000, 0x0000000606800000| Untracked 
|  43|0x0000000606a00000, 0x0000000606a00000, 0x0000000606c00000|  0%| F|  |TAMS 0x0000000606a00000, 0x0000000606a00000| Untracked 
|  44|0x0000000606c00000, 0x0000000606c00000, 0x0000000606e00000|  0%| F|  |TAMS 0x0000000606c00000, 0x0000000606c00000| Untracked 
|  45|0x0000000606e00000, 0x0000000606e00000, 0x0000000607000000|  0%| F|  |TAMS 0x0000000606e00000, 0x0000000606e00000| Untracked 
|  46|0x0000000607000000, 0x0000000607000000, 0x0000000607200000|  0%| F|  |TAMS 0x0000000607000000, 0x0000000607000000| Untracked 
|  47|0x0000000607200000, 0x0000000607200000, 0x0000000607400000|  0%| F|  |TAMS 0x0000000607200000, 0x0000000607200000| Untracked 
|  48|0x0000000607400000, 0x0000000607400000, 0x0000000607600000|  0%| F|  |TAMS 0x0000000607400000, 0x0000000607400000| Untracked 
|  49|0x0000000607600000, 0x0000000607600000, 0x0000000607800000|  0%| F|  |TAMS 0x0000000607600000, 0x0000000607600000| Untracked 
|  50|0x0000000607800000, 0x0000000607800000, 0x0000000607a00000|  0%| F|  |TAMS 0x0000000607800000, 0x0000000607800000| Untracked 
|  51|0x0000000607a00000, 0x0000000607a00000, 0x0000000607c00000|  0%| F|  |TAMS 0x0000000607a00000, 0x0000000607a00000| Untracked 
|  52|0x0000000607c00000, 0x0000000607c00000, 0x0000000607e00000|  0%| F|  |TAMS 0x0000000607c00000, 0x0000000607c00000| Untracked 
|  53|0x0000000607e00000, 0x0000000607e00000, 0x0000000608000000|  0%| F|  |TAMS 0x0000000607e00000, 0x0000000607e00000| Untracked 
|  54|0x0000000608000000, 0x0000000608000000, 0x0000000608200000|  0%| F|  |TAMS 0x0000000608000000, 0x0000000608000000| Untracked 
|  55|0x0000000608200000, 0x0000000608200000, 0x0000000608400000|  0%| F|  |TAMS 0x0000000608200000, 0x0000000608200000| Untracked 
|  56|0x0000000608400000, 0x0000000608400000, 0x0000000608600000|  0%| F|  |TAMS 0x0000000608400000, 0x0000000608400000| Untracked 
|  57|0x0000000608600000, 0x0000000608600000, 0x0000000608800000|  0%| F|  |TAMS 0x0000000608600000, 0x0000000608600000| Untracked 
|  58|0x0000000608800000, 0x0000000608800000, 0x0000000608a00000|  0%| F|  |TAMS 0x0000000608800000, 0x0000000608800000| Untracked 
|  59|0x0000000608a00000, 0x0000000608a00000, 0x0000000608c00000|  0%| F|  |TAMS 0x0000000608a00000, 0x0000000608a00000| Untracked 
|  60|0x0000000608c00000, 0x0000000608c00000, 0x0000000608e00000|  0%| F|  |TAMS 0x0000000608c00000, 0x0000000608c00000| Untracked 
|  61|0x0000000608e00000, 0x0000000608e00000, 0x0000000609000000|  0%| F|  |TAMS 0x0000000608e00000, 0x0000000608e00000| Untracked 
|  62|0x0000000609000000, 0x0000000609000000, 0x0000000609200000|  0%| F|  |TAMS 0x0000000609000000, 0x0000000609000000| Untracked 
|  63|0x0000000609200000, 0x0000000609200000, 0x0000000609400000|  0%| F|  |TAMS 0x0000000609200000, 0x0000000609200000| Untracked 
|  64|0x0000000609400000, 0x0000000609400000, 0x0000000609600000|  0%| F|  |TAMS 0x0000000609400000, 0x0000000609400000| Untracked 
|  65|0x0000000609600000, 0x0000000609600000, 0x0000000609800000|  0%| F|  |TAMS 0x0000000609600000, 0x0000000609600000| Untracked 
|  66|0x0000000609800000, 0x0000000609800000, 0x0000000609a00000|  0%| F|  |TAMS 0x0000000609800000, 0x0000000609800000| Untracked 
|  67|0x0000000609a00000, 0x0000000609a00000, 0x0000000609c00000|  0%| F|  |TAMS 0x0000000609a00000, 0x0000000609a00000| Untracked 
|  68|0x0000000609c00000, 0x0000000609c00000, 0x0000000609e00000|  0%| F|  |TAMS 0x0000000609c00000, 0x0000000609c00000| Untracked 
|  69|0x0000000609e00000, 0x0000000609e00000, 0x000000060a000000|  0%| F|  |TAMS 0x0000000609e00000, 0x0000000609e00000| Untracked 
|  70|0x000000060a000000, 0x000000060a000000, 0x000000060a200000|  0%| F|  |TAMS 0x000000060a000000, 0x000000060a000000| Untracked 
|  71|0x000000060a200000, 0x000000060a200000, 0x000000060a400000|  0%| F|  |TAMS 0x000000060a200000, 0x000000060a200000| Untracked 
|  72|0x000000060a400000, 0x000000060a400000, 0x000000060a600000|  0%| F|  |TAMS 0x000000060a400000, 0x000000060a400000| Untracked 
|  73|0x000000060a600000, 0x000000060a600000, 0x000000060a800000|  0%| F|  |TAMS 0x000000060a600000, 0x000000060a600000| Untracked 
|  74|0x000000060a800000, 0x000000060a800000, 0x000000060aa00000|  0%| F|  |TAMS 0x000000060a800000, 0x000000060a800000| Untracked 
|  75|0x000000060aa00000, 0x000000060aa00000, 0x000000060ac00000|  0%| F|  |TAMS 0x000000060aa00000, 0x000000060aa00000| Untracked 
|  76|0x000000060ac00000, 0x000000060ac00000, 0x000000060ae00000|  0%| F|  |TAMS 0x000000060ac00000, 0x000000060ac00000| Untracked 
|  77|0x000000060ae00000, 0x000000060ae00000, 0x000000060b000000|  0%| F|  |TAMS 0x000000060ae00000, 0x000000060ae00000| Untracked 
|  78|0x000000060b000000, 0x000000060b000000, 0x000000060b200000|  0%| F|  |TAMS 0x000000060b000000, 0x000000060b000000| Untracked 
|  79|0x000000060b200000, 0x000000060b200000, 0x000000060b400000|  0%| F|  |TAMS 0x000000060b200000, 0x000000060b200000| Untracked 
|  80|0x000000060b400000, 0x000000060b400000, 0x000000060b600000|  0%| F|  |TAMS 0x000000060b400000, 0x000000060b400000| Untracked 
|  81|0x000000060b600000, 0x000000060b600000, 0x000000060b800000|  0%| F|  |TAMS 0x000000060b600000, 0x000000060b600000| Untracked 
|  82|0x000000060b800000, 0x000000060b800000, 0x000000060ba00000|  0%| F|  |TAMS 0x000000060b800000, 0x000000060b800000| Untracked 
|  83|0x000000060ba00000, 0x000000060ba00000, 0x000000060bc00000|  0%| F|  |TAMS 0x000000060ba00000, 0x000000060ba00000| Untracked 
|  84|0x000000060bc00000, 0x000000060bc00000, 0x000000060be00000|  0%| F|  |TAMS 0x000000060bc00000, 0x000000060bc00000| Untracked 
|  85|0x000000060be00000, 0x000000060be00000, 0x000000060c000000|  0%| F|  |TAMS 0x000000060be00000, 0x000000060be00000| Untracked 
|  86|0x000000060c000000, 0x000000060c000000, 0x000000060c200000|  0%| F|  |TAMS 0x000000060c000000, 0x000000060c000000| Untracked 
|  87|0x000000060c200000, 0x000000060c200000, 0x000000060c400000|  0%| F|  |TAMS 0x000000060c200000, 0x000000060c200000| Untracked 
|  88|0x000000060c400000, 0x000000060c400000, 0x000000060c600000|  0%| F|  |TAMS 0x000000060c400000, 0x000000060c400000| Untracked 
|  89|0x000000060c600000, 0x000000060c600000, 0x000000060c800000|  0%| F|  |TAMS 0x000000060c600000, 0x000000060c600000| Untracked 
|  90|0x000000060c800000, 0x000000060c800000, 0x000000060ca00000|  0%| F|  |TAMS 0x000000060c800000, 0x000000060c800000| Untracked 
|  91|0x000000060ca00000, 0x000000060ca00000, 0x000000060cc00000|  0%| F|  |TAMS 0x000000060ca00000, 0x000000060ca00000| Untracked 
|  92|0x000000060cc00000, 0x000000060cc00000, 0x000000060ce00000|  0%| F|  |TAMS 0x000000060cc00000, 0x000000060cc00000| Untracked 
|  93|0x000000060ce00000, 0x000000060ce00000, 0x000000060d000000|  0%| F|  |TAMS 0x000000060ce00000, 0x000000060ce00000| Untracked 
|  94|0x000000060d000000, 0x000000060d000000, 0x000000060d200000|  0%| F|  |TAMS 0x000000060d000000, 0x000000060d000000| Untracked 
|  95|0x000000060d200000, 0x000000060d200000, 0x000000060d400000|  0%| F|  |TAMS 0x000000060d200000, 0x000000060d200000| Untracked 
|  96|0x000000060d400000, 0x000000060d400000, 0x000000060d600000|  0%| F|  |TAMS 0x000000060d400000, 0x000000060d400000| Untracked 
|  97|0x000000060d600000, 0x000000060d600000, 0x000000060d800000|  0%| F|  |TAMS 0x000000060d600000, 0x000000060d600000| Untracked 
|  98|0x000000060d800000, 0x000000060d800000, 0x000000060da00000|  0%| F|  |TAMS 0x000000060d800000, 0x000000060d800000| Untracked 
|  99|0x000000060da00000, 0x000000060da00000, 0x000000060dc00000|  0%| F|  |TAMS 0x000000060da00000, 0x000000060da00000| Untracked 
| 100|0x000000060dc00000, 0x000000060dc00000, 0x000000060de00000|  0%| F|  |TAMS 0x000000060dc00000, 0x000000060dc00000| Untracked 
| 101|0x000000060de00000, 0x000000060de00000, 0x000000060e000000|  0%| F|  |TAMS 0x000000060de00000, 0x000000060de00000| Untracked 
| 102|0x000000060e000000, 0x000000060e000000, 0x000000060e200000|  0%| F|  |TAMS 0x000000060e000000, 0x000000060e000000| Untracked 
| 103|0x000000060e200000, 0x000000060e200000, 0x000000060e400000|  0%| F|  |TAMS 0x000000060e200000, 0x000000060e200000| Untracked 
| 104|0x000000060e400000, 0x000000060e400000, 0x000000060e600000|  0%| F|  |TAMS 0x000000060e400000, 0x000000060e400000| Untracked 
| 105|0x000000060e600000, 0x000000060e600000, 0x000000060e800000|  0%| F|  |TAMS 0x000000060e600000, 0x000000060e600000| Untracked 
| 106|0x000000060e800000, 0x000000060e800000, 0x000000060ea00000|  0%| F|  |TAMS 0x000000060e800000, 0x000000060e800000| Untracked 
| 107|0x000000060ea00000, 0x000000060ea00000, 0x000000060ec00000|  0%| F|  |TAMS 0x000000060ea00000, 0x000000060ea00000| Untracked 
| 108|0x000000060ec00000, 0x000000060ec00000, 0x000000060ee00000|  0%| F|  |TAMS 0x000000060ec00000, 0x000000060ec00000| Untracked 
| 109|0x000000060ee00000, 0x000000060ee00000, 0x000000060f000000|  0%| F|  |TAMS 0x000000060ee00000, 0x000000060ee00000| Untracked 
| 110|0x000000060f000000, 0x000000060f000000, 0x000000060f200000|  0%| F|  |TAMS 0x000000060f000000, 0x000000060f000000| Untracked 
| 111|0x000000060f200000, 0x000000060f200000, 0x000000060f400000|  0%| F|  |TAMS 0x000000060f200000, 0x000000060f200000| Untracked 
| 112|0x000000060f400000, 0x000000060f400000, 0x000000060f600000|  0%| F|  |TAMS 0x000000060f400000, 0x000000060f400000| Untracked 
| 113|0x000000060f600000, 0x000000060f600000, 0x000000060f800000|  0%| F|  |TAMS 0x000000060f600000, 0x000000060f600000| Untracked 
| 114|0x000000060f800000, 0x000000060f800000, 0x000000060fa00000|  0%| F|  |TAMS 0x000000060f800000, 0x000000060f800000| Untracked 
| 115|0x000000060fa00000, 0x000000060fa00000, 0x000000060fc00000|  0%| F|  |TAMS 0x000000060fa00000, 0x000000060fa00000| Untracked 
| 116|0x000000060fc00000, 0x000000060fc00000, 0x000000060fe00000|  0%| F|  |TAMS 0x000000060fc00000, 0x000000060fc00000| Untracked 
| 117|0x000000060fe00000, 0x000000060fe00000, 0x0000000610000000|  0%| F|  |TAMS 0x000000060fe00000, 0x000000060fe00000| Untracked 
| 118|0x0000000610000000, 0x0000000610000000, 0x0000000610200000|  0%| F|  |TAMS 0x0000000610000000, 0x0000000610000000| Untracked 
| 119|0x0000000610200000, 0x0000000610200000, 0x0000000610400000|  0%| F|  |TAMS 0x0000000610200000, 0x0000000610200000| Untracked 
| 120|0x0000000610400000, 0x0000000610400000, 0x0000000610600000|  0%| F|  |TAMS 0x0000000610400000, 0x0000000610400000| Untracked 
| 121|0x0000000610600000, 0x0000000610600000, 0x0000000610800000|  0%| F|  |TAMS 0x0000000610600000, 0x0000000610600000| Untracked 
| 122|0x0000000610800000, 0x0000000610800000, 0x0000000610a00000|  0%| F|  |TAMS 0x0000000610800000, 0x0000000610800000| Untracked 
| 123|0x0000000610a00000, 0x0000000610a00000, 0x0000000610c00000|  0%| F|  |TAMS 0x0000000610a00000, 0x0000000610a00000| Untracked 
| 124|0x0000000610c00000, 0x0000000610c00000, 0x0000000610e00000|  0%| F|  |TAMS 0x0000000610c00000, 0x0000000610c00000| Untracked 
| 125|0x0000000610e00000, 0x0000000610e00000, 0x0000000611000000|  0%| F|  |TAMS 0x0000000610e00000, 0x0000000610e00000| Untracked 
| 126|0x0000000611000000, 0x0000000611000000, 0x0000000611200000|  0%| F|  |TAMS 0x0000000611000000, 0x0000000611000000| Untracked 
| 127|0x0000000611200000, 0x0000000611200000, 0x0000000611400000|  0%| F|  |TAMS 0x0000000611200000, 0x0000000611200000| Untracked 
| 128|0x0000000611400000, 0x0000000611400000, 0x0000000611600000|  0%| F|  |TAMS 0x0000000611400000, 0x0000000611400000| Untracked 
| 129|0x0000000611600000, 0x0000000611600000, 0x0000000611800000|  0%| F|  |TAMS 0x0000000611600000, 0x0000000611600000| Untracked 
| 130|0x0000000611800000, 0x0000000611800000, 0x0000000611a00000|  0%| F|  |TAMS 0x0000000611800000, 0x0000000611800000| Untracked 
| 131|0x0000000611a00000, 0x0000000611a00000, 0x0000000611c00000|  0%| F|  |TAMS 0x0000000611a00000, 0x0000000611a00000| Untracked 
| 132|0x0000000611c00000, 0x0000000611c00000, 0x0000000611e00000|  0%| F|  |TAMS 0x0000000611c00000, 0x0000000611c00000| Untracked 
| 133|0x0000000611e00000, 0x0000000611e00000, 0x0000000612000000|  0%| F|  |TAMS 0x0000000611e00000, 0x0000000611e00000| Untracked 
| 134|0x0000000612000000, 0x0000000612000000, 0x0000000612200000|  0%| F|  |TAMS 0x0000000612000000, 0x0000000612000000| Untracked 
| 135|0x0000000612200000, 0x0000000612200000, 0x0000000612400000|  0%| F|  |TAMS 0x0000000612200000, 0x0000000612200000| Untracked 
| 136|0x0000000612400000, 0x0000000612400000, 0x0000000612600000|  0%| F|  |TAMS 0x0000000612400000, 0x0000000612400000| Untracked 
| 137|0x0000000612600000, 0x0000000612600000, 0x0000000612800000|  0%| F|  |TAMS 0x0000000612600000, 0x0000000612600000| Untracked 
| 138|0x0000000612800000, 0x0000000612800000, 0x0000000612a00000|  0%| F|  |TAMS 0x0000000612800000, 0x0000000612800000| Untracked 
| 139|0x0000000612a00000, 0x0000000612a00000, 0x0000000612c00000|  0%| F|  |TAMS 0x0000000612a00000, 0x0000000612a00000| Untracked 
| 140|0x0000000612c00000, 0x0000000612c00000, 0x0000000612e00000|  0%| F|  |TAMS 0x0000000612c00000, 0x0000000612c00000| Untracked 
| 141|0x0000000612e00000, 0x0000000612e00000, 0x0000000613000000|  0%| F|  |TAMS 0x0000000612e00000, 0x0000000612e00000| Untracked 
| 142|0x0000000613000000, 0x0000000613000000, 0x0000000613200000|  0%| F|  |TAMS 0x0000000613000000, 0x0000000613000000| Untracked 
| 143|0x0000000613200000, 0x0000000613200000, 0x0000000613400000|  0%| F|  |TAMS 0x0000000613200000, 0x0000000613200000| Untracked 
| 144|0x0000000613400000, 0x0000000613400000, 0x0000000613600000|  0%| F|  |TAMS 0x0000000613400000, 0x0000000613400000| Untracked 
| 145|0x0000000613600000, 0x0000000613600000, 0x0000000613800000|  0%| F|  |TAMS 0x0000000613600000, 0x0000000613600000| Untracked 
| 146|0x0000000613800000, 0x0000000613800000, 0x0000000613a00000|  0%| F|  |TAMS 0x0000000613800000, 0x0000000613800000| Untracked 
| 147|0x0000000613a00000, 0x0000000613a00000, 0x0000000613c00000|  0%| F|  |TAMS 0x0000000613a00000, 0x0000000613a00000| Untracked 
| 148|0x0000000613c00000, 0x0000000613c00000, 0x0000000613e00000|  0%| F|  |TAMS 0x0000000613c00000, 0x0000000613c00000| Untracked 
| 149|0x0000000613e00000, 0x0000000613e00000, 0x0000000614000000|  0%| F|  |TAMS 0x0000000613e00000, 0x0000000613e00000| Untracked 
| 150|0x0000000614000000, 0x0000000614000000, 0x0000000614200000|  0%| F|  |TAMS 0x0000000614000000, 0x0000000614000000| Untracked 
| 151|0x0000000614200000, 0x0000000614200000, 0x0000000614400000|  0%| F|  |TAMS 0x0000000614200000, 0x0000000614200000| Untracked 
| 152|0x0000000614400000, 0x0000000614400000, 0x0000000614600000|  0%| F|  |TAMS 0x0000000614400000, 0x0000000614400000| Untracked 
| 153|0x0000000614600000, 0x0000000614600000, 0x0000000614800000|  0%| F|  |TAMS 0x0000000614600000, 0x0000000614600000| Untracked 
| 154|0x0000000614800000, 0x0000000614800000, 0x0000000614a00000|  0%| F|  |TAMS 0x0000000614800000, 0x0000000614800000| Untracked 
| 155|0x0000000614a00000, 0x0000000614a00000, 0x0000000614c00000|  0%| F|  |TAMS 0x0000000614a00000, 0x0000000614a00000| Untracked 
| 156|0x0000000614c00000, 0x0000000614c00000, 0x0000000614e00000|  0%| F|  |TAMS 0x0000000614c00000, 0x0000000614c00000| Untracked 
| 157|0x0000000614e00000, 0x0000000614e00000, 0x0000000615000000|  0%| F|  |TAMS 0x0000000614e00000, 0x0000000614e00000| Untracked 
| 158|0x0000000615000000, 0x0000000615000000, 0x0000000615200000|  0%| F|  |TAMS 0x0000000615000000, 0x0000000615000000| Untracked 
| 159|0x0000000615200000, 0x0000000615200000, 0x0000000615400000|  0%| F|  |TAMS 0x0000000615200000, 0x0000000615200000| Untracked 
| 160|0x0000000615400000, 0x0000000615400000, 0x0000000615600000|  0%| F|  |TAMS 0x0000000615400000, 0x0000000615400000| Untracked 
| 161|0x0000000615600000, 0x0000000615600000, 0x0000000615800000|  0%| F|  |TAMS 0x0000000615600000, 0x0000000615600000| Untracked 
| 162|0x0000000615800000, 0x0000000615800000, 0x0000000615a00000|  0%| F|  |TAMS 0x0000000615800000, 0x0000000615800000| Untracked 
| 163|0x0000000615a00000, 0x0000000615a00000, 0x0000000615c00000|  0%| F|  |TAMS 0x0000000615a00000, 0x0000000615a00000| Untracked 
| 164|0x0000000615c00000, 0x0000000615c00000, 0x0000000615e00000|  0%| F|  |TAMS 0x0000000615c00000, 0x0000000615c00000| Untracked 
| 165|0x0000000615e00000, 0x0000000615e00000, 0x0000000616000000|  0%| F|  |TAMS 0x0000000615e00000, 0x0000000615e00000| Untracked 
| 166|0x0000000616000000, 0x0000000616000000, 0x0000000616200000|  0%| F|  |TAMS 0x0000000616000000, 0x0000000616000000| Untracked 
| 167|0x0000000616200000, 0x0000000616200000, 0x0000000616400000|  0%| F|  |TAMS 0x0000000616200000, 0x0000000616200000| Untracked 
| 168|0x0000000616400000, 0x0000000616400000, 0x0000000616600000|  0%| F|  |TAMS 0x0000000616400000, 0x0000000616400000| Untracked 
| 169|0x0000000616600000, 0x0000000616600000, 0x0000000616800000|  0%| F|  |TAMS 0x0000000616600000, 0x0000000616600000| Untracked 
| 170|0x0000000616800000, 0x0000000616800000, 0x0000000616a00000|  0%| F|  |TAMS 0x0000000616800000, 0x0000000616800000| Untracked 
| 171|0x0000000616a00000, 0x0000000616a00000, 0x0000000616c00000|  0%| F|  |TAMS 0x0000000616a00000, 0x0000000616a00000| Untracked 
| 172|0x0000000616c00000, 0x0000000616c00000, 0x0000000616e00000|  0%| F|  |TAMS 0x0000000616c00000, 0x0000000616c00000| Untracked 
| 173|0x0000000616e00000, 0x0000000616e00000, 0x0000000617000000|  0%| F|  |TAMS 0x0000000616e00000, 0x0000000616e00000| Untracked 
| 174|0x0000000617000000, 0x0000000617000000, 0x0000000617200000|  0%| F|  |TAMS 0x0000000617000000, 0x0000000617000000| Untracked 
| 175|0x0000000617200000, 0x0000000617200000, 0x0000000617400000|  0%| F|  |TAMS 0x0000000617200000, 0x0000000617200000| Untracked 
| 176|0x0000000617400000, 0x0000000617400000, 0x0000000617600000|  0%| F|  |TAMS 0x0000000617400000, 0x0000000617400000| Untracked 
| 177|0x0000000617600000, 0x0000000617600000, 0x0000000617800000|  0%| F|  |TAMS 0x0000000617600000, 0x0000000617600000| Untracked 
| 178|0x0000000617800000, 0x0000000617800000, 0x0000000617a00000|  0%| F|  |TAMS 0x0000000617800000, 0x0000000617800000| Untracked 
| 179|0x0000000617a00000, 0x0000000617a00000, 0x0000000617c00000|  0%| F|  |TAMS 0x0000000617a00000, 0x0000000617a00000| Untracked 
| 180|0x0000000617c00000, 0x0000000617c00000, 0x0000000617e00000|  0%| F|  |TAMS 0x0000000617c00000, 0x0000000617c00000| Untracked 
| 181|0x0000000617e00000, 0x0000000617e00000, 0x0000000618000000|  0%| F|  |TAMS 0x0000000617e00000, 0x0000000617e00000| Untracked 
| 182|0x0000000618000000, 0x0000000618000000, 0x0000000618200000|  0%| F|  |TAMS 0x0000000618000000, 0x0000000618000000| Untracked 
| 183|0x0000000618200000, 0x0000000618200000, 0x0000000618400000|  0%| F|  |TAMS 0x0000000618200000, 0x0000000618200000| Untracked 
| 184|0x0000000618400000, 0x0000000618400000, 0x0000000618600000|  0%| F|  |TAMS 0x0000000618400000, 0x0000000618400000| Untracked 
| 185|0x0000000618600000, 0x0000000618600000, 0x0000000618800000|  0%| F|  |TAMS 0x0000000618600000, 0x0000000618600000| Untracked 
| 186|0x0000000618800000, 0x0000000618800000, 0x0000000618a00000|  0%| F|  |TAMS 0x0000000618800000, 0x0000000618800000| Untracked 
| 187|0x0000000618a00000, 0x0000000618a00000, 0x0000000618c00000|  0%| F|  |TAMS 0x0000000618a00000, 0x0000000618a00000| Untracked 
| 188|0x0000000618c00000, 0x0000000618c00000, 0x0000000618e00000|  0%| F|  |TAMS 0x0000000618c00000, 0x0000000618c00000| Untracked 
| 189|0x0000000618e00000, 0x0000000618e00000, 0x0000000619000000|  0%| F|  |TAMS 0x0000000618e00000, 0x0000000618e00000| Untracked 
| 190|0x0000000619000000, 0x0000000619000000, 0x0000000619200000|  0%| F|  |TAMS 0x0000000619000000, 0x0000000619000000| Untracked 
| 191|0x0000000619200000, 0x0000000619200000, 0x0000000619400000|  0%| F|  |TAMS 0x0000000619200000, 0x0000000619200000| Untracked 
| 192|0x0000000619400000, 0x0000000619400000, 0x0000000619600000|  0%| F|  |TAMS 0x0000000619400000, 0x0000000619400000| Untracked 
| 193|0x0000000619600000, 0x0000000619600000, 0x0000000619800000|  0%| F|  |TAMS 0x0000000619600000, 0x0000000619600000| Untracked 
| 194|0x0000000619800000, 0x0000000619800000, 0x0000000619a00000|  0%| F|  |TAMS 0x0000000619800000, 0x0000000619800000| Untracked 
| 195|0x0000000619a00000, 0x0000000619a00000, 0x0000000619c00000|  0%| F|  |TAMS 0x0000000619a00000, 0x0000000619a00000| Untracked 
| 196|0x0000000619c00000, 0x0000000619c00000, 0x0000000619e00000|  0%| F|  |TAMS 0x0000000619c00000, 0x0000000619c00000| Untracked 
| 197|0x0000000619e00000, 0x0000000619e00000, 0x000000061a000000|  0%| F|  |TAMS 0x0000000619e00000, 0x0000000619e00000| Untracked 
| 198|0x000000061a000000, 0x000000061a000000, 0x000000061a200000|  0%| F|  |TAMS 0x000000061a000000, 0x000000061a000000| Untracked 
| 199|0x000000061a200000, 0x000000061a200000, 0x000000061a400000|  0%| F|  |TAMS 0x000000061a200000, 0x000000061a200000| Untracked 
| 200|0x000000061a400000, 0x000000061a400000, 0x000000061a600000|  0%| F|  |TAMS 0x000000061a400000, 0x000000061a400000| Untracked 
| 201|0x000000061a600000, 0x000000061a600000, 0x000000061a800000|  0%| F|  |TAMS 0x000000061a600000, 0x000000061a600000| Untracked 
| 202|0x000000061a800000, 0x000000061a800000, 0x000000061aa00000|  0%| F|  |TAMS 0x000000061a800000, 0x000000061a800000| Untracked 
| 203|0x000000061aa00000, 0x000000061aa00000, 0x000000061ac00000|  0%| F|  |TAMS 0x000000061aa00000, 0x000000061aa00000| Untracked 
| 204|0x000000061ac00000, 0x000000061ac00000, 0x000000061ae00000|  0%| F|  |TAMS 0x000000061ac00000, 0x000000061ac00000| Untracked 
| 205|0x000000061ae00000, 0x000000061ae00000, 0x000000061b000000|  0%| F|  |TAMS 0x000000061ae00000, 0x000000061ae00000| Untracked 
| 206|0x000000061b000000, 0x000000061b000000, 0x000000061b200000|  0%| F|  |TAMS 0x000000061b000000, 0x000000061b000000| Untracked 
| 207|0x000000061b200000, 0x000000061b200000, 0x000000061b400000|  0%| F|  |TAMS 0x000000061b200000, 0x000000061b200000| Untracked 
| 208|0x000000061b400000, 0x000000061b400000, 0x000000061b600000|  0%| F|  |TAMS 0x000000061b400000, 0x000000061b400000| Untracked 
| 209|0x000000061b600000, 0x000000061b600000, 0x000000061b800000|  0%| F|  |TAMS 0x000000061b600000, 0x000000061b600000| Untracked 
| 210|0x000000061b800000, 0x000000061b800000, 0x000000061ba00000|  0%| F|  |TAMS 0x000000061b800000, 0x000000061b800000| Untracked 
| 211|0x000000061ba00000, 0x000000061ba00000, 0x000000061bc00000|  0%| F|  |TAMS 0x000000061ba00000, 0x000000061ba00000| Untracked 
| 212|0x000000061bc00000, 0x000000061bc00000, 0x000000061be00000|  0%| F|  |TAMS 0x000000061bc00000, 0x000000061bc00000| Untracked 
| 213|0x000000061be00000, 0x000000061be00000, 0x000000061c000000|  0%| F|  |TAMS 0x000000061be00000, 0x000000061be00000| Untracked 
| 214|0x000000061c000000, 0x000000061c000000, 0x000000061c200000|  0%| F|  |TAMS 0x000000061c000000, 0x000000061c000000| Untracked 
| 215|0x000000061c200000, 0x000000061c200000, 0x000000061c400000|  0%| F|  |TAMS 0x000000061c200000, 0x000000061c200000| Untracked 
| 216|0x000000061c400000, 0x000000061c400000, 0x000000061c600000|  0%| F|  |TAMS 0x000000061c400000, 0x000000061c400000| Untracked 
| 217|0x000000061c600000, 0x000000061c600000, 0x000000061c800000|  0%| F|  |TAMS 0x000000061c600000, 0x000000061c600000| Untracked 
| 218|0x000000061c800000, 0x000000061c800000, 0x000000061ca00000|  0%| F|  |TAMS 0x000000061c800000, 0x000000061c800000| Untracked 
| 219|0x000000061ca00000, 0x000000061ca00000, 0x000000061cc00000|  0%| F|  |TAMS 0x000000061ca00000, 0x000000061ca00000| Untracked 
| 220|0x000000061cc00000, 0x000000061cc00000, 0x000000061ce00000|  0%| F|  |TAMS 0x000000061cc00000, 0x000000061cc00000| Untracked 
| 221|0x000000061ce00000, 0x000000061ce00000, 0x000000061d000000|  0%| F|  |TAMS 0x000000061ce00000, 0x000000061ce00000| Untracked 
| 222|0x000000061d000000, 0x000000061d000000, 0x000000061d200000|  0%| F|  |TAMS 0x000000061d000000, 0x000000061d000000| Untracked 
| 223|0x000000061d200000, 0x000000061d200000, 0x000000061d400000|  0%| F|  |TAMS 0x000000061d200000, 0x000000061d200000| Untracked 
| 224|0x000000061d400000, 0x000000061d400000, 0x000000061d600000|  0%| F|  |TAMS 0x000000061d400000, 0x000000061d400000| Untracked 
| 225|0x000000061d600000, 0x000000061d600000, 0x000000061d800000|  0%| F|  |TAMS 0x000000061d600000, 0x000000061d600000| Untracked 
| 226|0x000000061d800000, 0x000000061d800000, 0x000000061da00000|  0%| F|  |TAMS 0x000000061d800000, 0x000000061d800000| Untracked 
| 227|0x000000061da00000, 0x000000061da00000, 0x000000061dc00000|  0%| F|  |TAMS 0x000000061da00000, 0x000000061da00000| Untracked 
| 228|0x000000061dc00000, 0x000000061dc00000, 0x000000061de00000|  0%| F|  |TAMS 0x000000061dc00000, 0x000000061dc00000| Untracked 
| 229|0x000000061de00000, 0x000000061de00000, 0x000000061e000000|  0%| F|  |TAMS 0x000000061de00000, 0x000000061de00000| Untracked 
| 230|0x000000061e000000, 0x000000061e000000, 0x000000061e200000|  0%| F|  |TAMS 0x000000061e000000, 0x000000061e000000| Untracked 
| 231|0x000000061e200000, 0x000000061e200000, 0x000000061e400000|  0%| F|  |TAMS 0x000000061e200000, 0x000000061e200000| Untracked 
| 232|0x000000061e400000, 0x000000061e400000, 0x000000061e600000|  0%| F|  |TAMS 0x000000061e400000, 0x000000061e400000| Untracked 
| 233|0x000000061e600000, 0x000000061e600000, 0x000000061e800000|  0%| F|  |TAMS 0x000000061e600000, 0x000000061e600000| Untracked 
| 234|0x000000061e800000, 0x000000061e800000, 0x000000061ea00000|  0%| F|  |TAMS 0x000000061e800000, 0x000000061e800000| Untracked 
| 235|0x000000061ea00000, 0x000000061ea00000, 0x000000061ec00000|  0%| F|  |TAMS 0x000000061ea00000, 0x000000061ea00000| Untracked 
| 236|0x000000061ec00000, 0x000000061ec00000, 0x000000061ee00000|  0%| F|  |TAMS 0x000000061ec00000, 0x000000061ec00000| Untracked 
| 237|0x000000061ee00000, 0x000000061ee00000, 0x000000061f000000|  0%| F|  |TAMS 0x000000061ee00000, 0x000000061ee00000| Untracked 
| 238|0x000000061f000000, 0x000000061f000000, 0x000000061f200000|  0%| F|  |TAMS 0x000000061f000000, 0x000000061f000000| Untracked 
| 239|0x000000061f200000, 0x000000061f200000, 0x000000061f400000|  0%| F|  |TAMS 0x000000061f200000, 0x000000061f200000| Untracked 
| 240|0x000000061f400000, 0x000000061f400000, 0x000000061f600000|  0%| F|  |TAMS 0x000000061f400000, 0x000000061f400000| Untracked 
| 241|0x000000061f600000, 0x000000061f600000, 0x000000061f800000|  0%| F|  |TAMS 0x000000061f600000, 0x000000061f600000| Untracked 
| 242|0x000000061f800000, 0x000000061f800000, 0x000000061fa00000|  0%| F|  |TAMS 0x000000061f800000, 0x000000061f800000| Untracked 
| 243|0x000000061fa00000, 0x000000061fa00000, 0x000000061fc00000|  0%| F|  |TAMS 0x000000061fa00000, 0x000000061fa00000| Untracked 
| 244|0x000000061fc00000, 0x000000061fc00000, 0x000000061fe00000|  0%| F|  |TAMS 0x000000061fc00000, 0x000000061fc00000| Untracked 
| 245|0x000000061fe00000, 0x000000061fe00000, 0x0000000620000000|  0%| F|  |TAMS 0x000000061fe00000, 0x000000061fe00000| Untracked 
| 246|0x0000000620000000, 0x000000062007ee40, 0x0000000620200000| 24%| E|  |TAMS 0x0000000620000000, 0x0000000620000000| Complete 
| 247|0x0000000620200000, 0x0000000620400000, 0x0000000620400000|100%| E|CS|TAMS 0x0000000620200000, 0x0000000620200000| Complete 
| 248|0x0000000620400000, 0x0000000620600000, 0x0000000620600000|100%| E|  |TAMS 0x0000000620400000, 0x0000000620400000| Complete 
| 249|0x0000000620600000, 0x0000000620800000, 0x0000000620800000|100%| E|CS|TAMS 0x0000000620600000, 0x0000000620600000| Complete 
| 250|0x0000000620800000, 0x0000000620a00000, 0x0000000620a00000|100%| E|CS|TAMS 0x0000000620800000, 0x0000000620800000| Complete 
| 251|0x0000000620a00000, 0x0000000620c00000, 0x0000000620c00000|100%| E|CS|TAMS 0x0000000620a00000, 0x0000000620a00000| Complete 
| 252|0x0000000620c00000, 0x0000000620e00000, 0x0000000620e00000|100%| E|CS|TAMS 0x0000000620c00000, 0x0000000620c00000| Complete 
| 253|0x0000000620e00000, 0x0000000621000000, 0x0000000621000000|100%| E|CS|TAMS 0x0000000620e00000, 0x0000000620e00000| Complete 
| 254|0x0000000621000000, 0x0000000621200000, 0x0000000621200000|100%| E|CS|TAMS 0x0000000621000000, 0x0000000621000000| Complete 
| 255|0x0000000621200000, 0x0000000621400000, 0x0000000621400000|100%| E|CS|TAMS 0x0000000621200000, 0x0000000621200000| Complete 

Card table byte_map: [0x000002159c250000,0x000002159d250000] _byte_map_base: 0x0000021599246000

Marking Bits (Prev, Next): (CMBitMap*) 0x00000215813e6d08, (CMBitMap*) 0x00000215813e6d40
 Prev Bits: [0x000002159e250000, 0x00000215a6200000)
 Next Bits: [0x00000215a6200000, 0x00000215ae1b0000)

Polling page: 0x0000021581440000

Metaspace:

Usage:
  Non-class:     11.65 MB capacity,    11.45 MB ( 98%) used,   182.80 KB (  2%) free+waste,    19.31 KB ( <1%) overhead. 
      Class:      1.27 MB capacity,     1.20 MB ( 94%) used,    65.80 KB (  5%) free+waste,     8.31 KB ( <1%) overhead. 
       Both:     12.92 MB capacity,    12.65 MB ( 98%) used,   248.60 KB (  2%) free+waste,    27.63 KB ( <1%) overhead. 

Virtual space:
  Non-class space:       12.00 MB reserved,      11.75 MB ( 98%) committed 
      Class space:        1.00 GB reserved,       1.38 MB ( <1%) committed 
             Both:        1.01 GB reserved,      13.13 MB (  1%) committed 

Chunk freelists:
   Non-Class:  40.00 KB
       Class:  12.00 KB
        Both:  52.00 KB

MaxMetaspaceSize: 17179869184.00 GB
CompressedClassSpaceSize: 1.00 GB
Initial GC threshold: 20.80 MB
Current GC threshold: 20.80 MB
CDS: off

CodeHeap 'non-profiled nmethods': size=119168Kb used=339Kb max_used=339Kb free=118829Kb
 bounds [0x0000021592e20000, 0x0000021593090000, 0x000002159a280000]
CodeHeap 'profiled nmethods': size=119168Kb used=2241Kb max_used=2241Kb free=116926Kb
 bounds [0x000002158b9c0000, 0x000002158bc30000, 0x0000021592e20000]
CodeHeap 'non-nmethods': size=7424Kb used=1225Kb max_used=2368Kb free=6198Kb
 bounds [0x000002158b280000, 0x000002158b4f0000, 0x000002158b9c0000]
 total_blobs=1472 nmethods=1081 adapters=312
 compilation: enabled
              stopped_count=0, restarted_count=0
 full_count=0

Compilation events (20 events):
Event: 0.350 Thread 0x00000215b1ea2000 1072       1       java.util.Collections$EmptyIterator::hasNext (2 bytes)
Event: 0.350 Thread 0x00000215b1ea2000 nmethod 1072 0x0000021592e73a90 code [0x0000021592e73c40, 0x0000021592e73cf8]
Event: 0.350 Thread 0x00000215b1cdb800 1073       4       java.lang.String::startsWith (138 bytes)
Event: 0.351 Thread 0x00000215b1ebf000 1074 %     4       java.lang.StringCoding::hasNegatives @ 2 (25 bytes)
Event: 0.351 Thread 0x00000215b1cde000 1075   !   3       jdk.internal.loader.BuiltinClassLoader::findClassOnClassPathOrNull (64 bytes)
Event: 0.351 Thread 0x00000215b1cde000 nmethod 1075 0x000002158bbdaa90 code [0x000002158bbdacc0, 0x000002158bbdb3a8]
Event: 0.351 Thread 0x00000215b1e9d800 1076       3       sun.nio.fs.WindowsPathParser::normalize (233 bytes)
Event: 0.351 Thread 0x00000215b1ea2000 1077       3       java.util.ArrayList::toArray (57 bytes)
Event: 0.351 Thread 0x00000215b1ea2000 nmethod 1077 0x000002158bbdb690 code [0x000002158bbdb880, 0x000002158bbdbdf8]
Event: 0.351 Thread 0x00000215b1cde000 1078       1       SkipList$SkipNode::element (5 bytes)
Event: 0.352 Thread 0x00000215b1cde000 nmethod 1078 0x0000021592e73d90 code [0x0000021592e73f40, 0x0000021592e73ff8]
Event: 0.352 Thread 0x00000215b1ebf000 nmethod 1074% 0x0000021592e74090 code [0x0000021592e74220, 0x0000021592e74438]
Event: 0.353 Thread 0x00000215b1cdb800 nmethod 1073 0x0000021592e74590 code [0x0000021592e74740, 0x0000021592e74a38]
Event: 0.353 Thread 0x00000215b1e9d800 nmethod 1076 0x000002158bbdbf10 code [0x000002158bbdc5a0, 0x000002158bbdfa88]
Event: 677.670 Thread 0x00000215b1cde000 1079       3       org.eclipse.jdt.launching.internal.org.objectweb.asm.ClassReader::accept (1404 bytes)
Event: 677.684 Thread 0x00000215b1cde000 nmethod 1079 0x000002158bbe0e10 code [0x000002158bbe1a20, 0x000002158bbea558]
Event: 728.044 Thread 0x00000215b1cde000 1080       3       org.eclipse.jdt.launching.internal.org.objectweb.asm.FieldWriter::computeFieldInfoSize (86 bytes)
Event: 728.045 Thread 0x00000215b1cde000 nmethod 1080 0x000002158bbeef90 code [0x000002158bbef180, 0x000002158bbef4f8]
Event: 728.045 Thread 0x00000215b1cde000 1081       3       org.eclipse.jdt.launching.internal.org.objectweb.asm.FieldWriter::putFieldInfo (269 bytes)
Event: 728.053 Thread 0x00000215b1cde000 nmethod 1081 0x000002158bbef690 code [0x000002158bbef920, 0x000002158bbf0348]

GC Heap History (0 events):
No events

Deoptimization events (20 events):
Event: 0.351 Thread 0x000002158135e800 DEOPT PACKING pc=0x000002158bb5aec4 sp=0x000000c8ffcfdbe0
Event: 0.351 Thread 0x000002158135e800 DEOPT UNPACKING pc=0x000002158b2ca95e sp=0x000000c8ffcfd078 mode 1
Event: 0.351 Thread 0x000002158135e800 DEOPT PACKING pc=0x000002158bb4b6e4 sp=0x000000c8ffcfdcb0
Event: 0.351 Thread 0x000002158135e800 DEOPT UNPACKING pc=0x000002158b2ca95e sp=0x000000c8ffcfd168 mode 1
Event: 0.351 Thread 0x000002158135e800 DEOPT PACKING pc=0x000002158bb5aec4 sp=0x000000c8ffcfdbf0
Event: 0.351 Thread 0x000002158135e800 DEOPT UNPACKING pc=0x000002158b2ca95e sp=0x000000c8ffcfd088 mode 1
Event: 0.351 Thread 0x000002158135e800 DEOPT PACKING pc=0x000002158bb4b6e4 sp=0x000000c8ffcfdcc0
Event: 0.351 Thread 0x000002158135e800 DEOPT UNPACKING pc=0x000002158b2ca95e sp=0x000000c8ffcfd178 mode 1
Event: 0.351 Thread 0x000002158135e800 DEOPT PACKING pc=0x000002158bb5aec4 sp=0x000000c8ffcfdc40
Event: 0.351 Thread 0x000002158135e800 DEOPT UNPACKING pc=0x000002158b2ca95e sp=0x000000c8ffcfd0d8 mode 1
Event: 0.351 Thread 0x000002158135e800 DEOPT PACKING pc=0x000002158bb4b6e4 sp=0x000000c8ffcfdd10
Event: 0.351 Thread 0x000002158135e800 DEOPT UNPACKING pc=0x000002158b2ca95e sp=0x000000c8ffcfd1c8 mode 1
Event: 0.351 Thread 0x000002158135e800 DEOPT PACKING pc=0x000002158bb5aec4 sp=0x000000c8ffcfdc40
Event: 0.351 Thread 0x000002158135e800 DEOPT UNPACKING pc=0x000002158b2ca95e sp=0x000000c8ffcfd0d8 mode 1
Event: 0.351 Thread 0x000002158135e800 DEOPT PACKING pc=0x000002158bb4b6e4 sp=0x000000c8ffcfdd10
Event: 0.351 Thread 0x000002158135e800 DEOPT UNPACKING pc=0x000002158b2ca95e sp=0x000000c8ffcfd1c8 mode 1
Event: 0.351 Thread 0x000002158135e800 DEOPT PACKING pc=0x000002158bb5aec4 sp=0x000000c8ffcfdc30
Event: 0.351 Thread 0x000002158135e800 DEOPT UNPACKING pc=0x000002158b2ca95e sp=0x000000c8ffcfd0c8 mode 1
Event: 0.351 Thread 0x000002158135e800 DEOPT PACKING pc=0x000002158bb4b6e4 sp=0x000000c8ffcfdd00
Event: 0.351 Thread 0x000002158135e800 DEOPT UNPACKING pc=0x000002158b2ca95e sp=0x000000c8ffcfd1b8 mode 1

Classes redefined (10 events):
Event: 677.674 Thread 0x00000215b1c39800 redefined class name=SkipList, count=1
Event: 677.678 Thread 0x00000215b1c39800 redefined class name=SkipList$SkipNode, count=1
Event: 728.049 Thread 0x00000215b1c39800 redefined class name=SkipList, count=2
Event: 728.052 Thread 0x00000215b1c39800 redefined class name=SkipList$SkipNode, count=2
Event: 821.095 Thread 0x00000215b1c39800 redefined class name=SkipList, count=3
Event: 821.099 Thread 0x00000215b1c39800 redefined class name=SkipList$SkipNode, count=3
Event: 838.703 Thread 0x00000215b1c39800 redefined class name=SkipList, count=4
Event: 838.706 Thread 0x00000215b1c39800 redefined class name=SkipList$SkipNode, count=4
Event: 845.249 Thread 0x00000215b1c39800 redefined class name=SkipList, count=5
Event: 845.253 Thread 0x00000215b1c39800 redefined class name=SkipList$SkipNode, count=5

Internal exceptions (8 events):
Event: 0.275 Thread 0x000002158135e800 Exception <a 'java/lang/NoSuchMethodError'{0x00000006206d7518}: 'int java.lang.invoke.DirectMethodHandle$Holder.invokeSpecialIFC(java.lang.Object, java.lang.Object, int)'> (0x00000006206d7518) thrown at [./src/hotspot/share/interpreter/linkResolver.cpp, line 773]
Event: 0.305 Thread 0x000002158135e800 Exception <a 'java/lang/NoSuchMethodError'{0x000000062059fa38}: 'int java.lang.invoke.DirectMethodHandle$Holder.invokeStaticInit(java.lang.Object, java.lang.Object, java.lang.Object, java.lang.Object)'> (0x000000062059fa38) thrown at [./src/hotspot/share/interpreter/linkResolver.cpp, line 773]
Event: 0.306 Thread 0x000002158135e800 Exception <a 'java/lang/IncompatibleClassChangeError'{0x00000006205a90b0}: Found class java.lang.Object, but interface was expected> (0x00000006205a90b0) thrown at [./src/hotspot/share/interpreter/linkResolver.cpp, line 839]
Event: 0.306 Thread 0x000002158135e800 Exception <a 'java/lang/NoSuchMethodError'{0x00000006205ac870}: 'void java.lang.invoke.DirectMethodHandle$Holder.invokeStaticInit(java.lang.Object, java.lang.Object)'> (0x00000006205ac870) thrown at [./src/hotspot/share/interpreter/linkResolver.cpp, line 773]
Event: 0.307 Thread 0x000002158135e800 Exception <a 'java/lang/NoSuchMethodError'{0x00000006205b4498}: 'int java.lang.invoke.DirectMethodHandle$Holder.invokeStaticInit(java.lang.Object, java.lang.Object)'> (0x00000006205b4498) thrown at [./src/hotspot/share/interpreter/linkResolver.cpp, line 773]
Event: 0.316 Thread 0x000002158135e800 Exception <a 'java/lang/ClassNotFoundException'{0x0000000620233af8}: javax/smartcardio/CardPermission> (0x0000000620233af8) thrown at [./src/hotspot/share/classfile/systemDictionary.cpp, line 231]
Event: 0.318 Thread 0x000002158135e800 Exception <a 'java/io/FileNotFoundException'{0x00000006202449b0}> (0x00000006202449b0) thrown at [./src/hotspot/share/prims/jni.cpp, line 615]
Event: 0.334 Thread 0x000002158135e800 Exception <a 'java/lang/NoSuchMethodError'{0x000000062031d630}: 'java.lang.Object java.lang.invoke.DirectMethodHandle$Holder.invokeStaticInit(java.lang.Object, java.lang.Object, java.lang.Object)'> (0x000000062031d630) thrown at [./src/hotspot/share/interpreter/linkResolver.cpp, line 773]

Events (20 events):
Event: 852.060 Executing VM operation: GetOrSetLocal done
Event: 852.061 Executing VM operation: GetFrameLocation
Event: 852.061 Executing VM operation: GetFrameLocation done
Event: 852.061 Executing VM operation: GetOrSetLocal
Event: 852.061 Executing VM operation: GetOrSetLocal done
Event: 852.061 Executing VM operation: GetFrameLocation
Event: 852.061 Executing VM operation: GetFrameLocation done
Event: 852.061 Executing VM operation: GetOrSetLocal
Event: 852.061 Executing VM operation: GetOrSetLocal done
Event: 852.109 Executing VM operation: GetFrameLocation
Event: 852.109 Executing VM operation: GetFrameLocation done
Event: 852.109 Executing VM operation: GetOrSetLocal
Event: 852.109 Executing VM operation: GetOrSetLocal done
Event: 852.109 Executing VM operation: GetFrameLocation
Event: 852.109 Executing VM operation: GetFrameLocation done
Event: 852.109 Executing VM operation: GetOrSetLocal
Event: 852.109 Executing VM operation: GetOrSetLocal done
Event: 852.132 Executing VM operation: GetFrameLocation
Event: 852.133 Executing VM operation: GetFrameLocation done
Event: 852.133 Executing VM operation: GetOrSetLocal


Dynamic libraries:
0x00007ff750eb0000 - 0x00007ff750ebd000 	C:\Program Files\Amazon Corretto\jdk11.0.12_7\bin\javaw.exe
0x00007ff8cf830000 - 0x00007ff8cfa25000 	C:\Windows\SYSTEM32\ntdll.dll
0x00007ff8cf660000 - 0x00007ff8cf71e000 	C:\Windows\System32\KERNEL32.DLL
0x00007ff8cd5b0000 - 0x00007ff8cd879000 	C:\Windows\System32\KERNELBASE.dll
0x00007ff8ccf80000 - 0x00007ff8cd080000 	C:\Windows\System32\ucrtbase.dll
0x00007ff8ca4b0000 - 0x00007ff8ca4c7000 	C:\Program Files\Amazon Corretto\jdk11.0.12_7\bin\jli.dll
0x00007ff8c8780000 - 0x00007ff8c8799000 	C:\Program Files\Amazon Corretto\jdk11.0.12_7\bin\VCRUNTIME140.dll
0x00007ff8ce4c0000 - 0x00007ff8ce661000 	C:\Windows\System32\USER32.dll
0x00007ff8bf080000 - 0x00007ff8bf31a000 	C:\Windows\WinSxS\amd64_microsoft.windows.common-controls_6595b64144ccf1df_6.0.19041.1110_none_60b5254171f9507e\COMCTL32.dll
0x00007ff8cd340000 - 0x00007ff8cd362000 	C:\Windows\System32\win32u.dll
0x00007ff8cd880000 - 0x00007ff8cd91e000 	C:\Windows\System32\msvcrt.dll
0x00007ff8cf580000 - 0x00007ff8cf5ab000 	C:\Windows\System32\GDI32.dll
0x00007ff8cd230000 - 0x00007ff8cd33b000 	C:\Windows\System32\gdi32full.dll
0x00007ff8cd480000 - 0x00007ff8cd51d000 	C:\Windows\System32\msvcp_win.dll
0x00007ff8cd9d0000 - 0x00007ff8cda00000 	C:\Windows\System32\IMM32.DLL
0x00007ff8c65c0000 - 0x00007ff8c665b000 	C:\Program Files\Amazon Corretto\jdk11.0.12_7\bin\msvcp140.dll
0x00007ff8116a0000 - 0x00007ff8121fa000 	C:\Program Files\Amazon Corretto\jdk11.0.12_7\bin\server\jvm.dll
0x00007ff8cf5b0000 - 0x00007ff8cf65c000 	C:\Windows\System32\ADVAPI32.dll
0x00007ff8cf480000 - 0x00007ff8cf51b000 	C:\Windows\System32\sechost.dll
0x00007ff8cdb50000 - 0x00007ff8cdc7a000 	C:\Windows\System32\RPCRT4.dll
0x00007ff8cdc80000 - 0x00007ff8cdc88000 	C:\Windows\System32\PSAPI.DLL
0x00007ff8c38a0000 - 0x00007ff8c38aa000 	C:\Windows\SYSTEM32\VERSION.dll
0x00007ff89e010000 - 0x00007ff89e019000 	C:\Windows\SYSTEM32\WSOCK32.dll
0x00007ff8c0880000 - 0x00007ff8c08a7000 	C:\Windows\SYSTEM32\WINMM.dll
0x00007ff8ce8d0000 - 0x00007ff8ce93b000 	C:\Windows\System32\WS2_32.dll
0x00007ff8cb7f0000 - 0x00007ff8cb802000 	C:\Windows\SYSTEM32\kernel.appcore.dll
0x00007ff8c87f0000 - 0x00007ff8c8800000 	C:\Program Files\Amazon Corretto\jdk11.0.12_7\bin\verify.dll
0x00007ff8cb5e0000 - 0x00007ff8cb7c4000 	C:\Windows\SYSTEM32\DBGHELP.DLL
0x00007ff8bc5a0000 - 0x00007ff8bc5cc000 	C:\Windows\SYSTEM32\dbgcore.DLL
0x00007ff8cd520000 - 0x00007ff8cd5a3000 	C:\Windows\System32\bcryptPrimitives.dll
0x00007ff8c87c0000 - 0x00007ff8c87e8000 	C:\Program Files\Amazon Corretto\jdk11.0.12_7\bin\java.dll
0x00007ff8c87b0000 - 0x00007ff8c87ba000 	C:\Program Files\Amazon Corretto\jdk11.0.12_7\bin\jimage.dll
0x00007ff8c6b00000 - 0x00007ff8c6b38000 	C:\Program Files\Amazon Corretto\jdk11.0.12_7\bin\jdwp.dll
0x00007ff8ca420000 - 0x00007ff8ca42e000 	C:\Program Files\Amazon Corretto\jdk11.0.12_7\bin\instrument.dll
0x00007ff8c3880000 - 0x00007ff8c3897000 	C:\Program Files\Amazon Corretto\jdk11.0.12_7\bin\zip.dll
0x00007ff8cdd00000 - 0x00007ff8ce43f000 	C:\Windows\System32\SHELL32.dll
0x00007ff8cad80000 - 0x00007ff8cb510000 	C:\Windows\SYSTEM32\windows.storage.dll
0x00007ff8cedf0000 - 0x00007ff8cf145000 	C:\Windows\System32\combase.dll
0x00007ff8cc930000 - 0x00007ff8cc95c000 	C:\Windows\SYSTEM32\Wldp.dll
0x00007ff8ce670000 - 0x00007ff8ce71d000 	C:\Windows\System32\SHCORE.dll
0x00007ff8cf520000 - 0x00007ff8cf575000 	C:\Windows\System32\shlwapi.dll
0x00007ff8cce90000 - 0x00007ff8cceaf000 	C:\Windows\SYSTEM32\profapi.dll
0x00007ff8c8770000 - 0x00007ff8c877a000 	C:\Program Files\Amazon Corretto\jdk11.0.12_7\bin\dt_socket.dll
0x00007ff8cc690000 - 0x00007ff8cc6fa000 	C:\Windows\System32\mswsock.dll
0x00007ff8cc360000 - 0x00007ff8cc42c000 	C:\Windows\SYSTEM32\DNSAPI.dll
0x00007ff8cc320000 - 0x00007ff8cc35b000 	C:\Windows\SYSTEM32\IPHLPAPI.DLL
0x00007ff8ce960000 - 0x00007ff8ce968000 	C:\Windows\System32\NSI.dll
0x00007ff8bda00000 - 0x00007ff8bda7f000 	C:\Windows\System32\fwpuclnt.dll
0x00007ff8ccf50000 - 0x00007ff8ccf77000 	C:\Windows\System32\bcrypt.dll
0x00007ff8c3c70000 - 0x00007ff8c3c7a000 	C:\Windows\System32\rasadhlp.dll
0x00007ff8be040000 - 0x00007ff8be059000 	C:\Program Files\Amazon Corretto\jdk11.0.12_7\bin\net.dll
0x00007ff8c25e0000 - 0x00007ff8c26e8000 	C:\Windows\SYSTEM32\WINHTTP.dll
0x00007ff8be020000 - 0x00007ff8be032000 	C:\Program Files\Amazon Corretto\jdk11.0.12_7\bin\nio.dll
0x00007ff8c8760000 - 0x00007ff8c8769000 	C:\Program Files\Amazon Corretto\jdk11.0.12_7\bin\management.dll
0x00007ff8c6af0000 - 0x00007ff8c6afb000 	C:\Program Files\Amazon Corretto\jdk11.0.12_7\bin\management_ext.dll

dbghelp: loaded successfully - version: 4.0.5 - missing functions: none
symbol engine: initialized successfully - sym options: 0x614 - pdb path: .;C:\Program Files\Amazon Corretto\jdk11.0.12_7\bin;C:\Windows\SYSTEM32;C:\Windows\WinSxS\amd64_microsoft.windows.common-controls_6595b64144ccf1df_6.0.19041.1110_none_60b5254171f9507e;C:\Program Files\Amazon Corretto\jdk11.0.12_7\bin\server

VM Arguments:
jvm_args: -agentlib:jdwp=transport=dt_socket,suspend=y,address=localhost:64421 -ea -javaagent:C:\Users\Ray Nx\eclipse\jee-2021-06\eclipse\configuration\org.eclipse.osgi\415\0\.cp\lib\javaagent-shaded.jar -Dfile.encoding=UTF-8 
java_command: org.eclipse.jdt.internal.junit.runner.RemoteTestRunner -version 3 -port 64420 -testLoaderClass org.eclipse.jdt.internal.junit4.runner.JUnit4TestLoader -loaderpluginname org.eclipse.jdt.junit4.runtime -classNames SkipListTest
java_class_path (initial): C:\Users\Ray Nx\eclipse-workspace\CS5040Project2\bin;C:\Users\Ray Nx\eclipse-workspace\CS5040Project2\lib\student.jar;C:\Users\Ray Nx\.p2\pool\plugins\org.junit_4.13.0.v20200204-1500.jar;C:\Users\Ray Nx\.p2\pool\plugins\org.hamcrest.core_1.3.0.v20180420-1519.jar;C:\Users\Ray Nx\eclipse\jee-2021-06\eclipse\configuration\org.eclipse.osgi\413\0\.cp;C:\Users\Ray Nx\eclipse\jee-2021-06\eclipse\configuration\org.eclipse.osgi\412\0\.cp
Launcher Type: SUN_STANDARD

[Global flags]
     intx CICompilerCount                          = 12                                        {product} {ergonomic}
     uint ConcGCThreads                            = 3                                         {product} {ergonomic}
     uint G1ConcRefinementThreads                  = 13                                        {product} {ergonomic}
   size_t G1HeapRegionSize                         = 2097152                                   {product} {ergonomic}
    uintx GCDrainStackTargetSize                   = 64                                        {product} {ergonomic}
   size_t InitialHeapSize                          = 536870912                                 {product} {ergonomic}
   size_t MarkStackSize                            = 4194304                                   {product} {ergonomic}
   size_t MaxHeapSize                              = 8568963072                                {product} {ergonomic}
   size_t MaxNewSize                               = 5140119552                                {product} {ergonomic}
   size_t MinHeapDeltaBytes                        = 2097152                                   {product} {ergonomic}
    uintx NonNMethodCodeHeapSize                   = 7594288                                {pd product} {ergonomic}
    uintx NonProfiledCodeHeapSize                  = 122031976                              {pd product} {ergonomic}
    uintx ProfiledCodeHeapSize                     = 122031976                              {pd product} {ergonomic}
    uintx ReservedCodeCacheSize                    = 251658240                              {pd product} {ergonomic}
     bool SegmentedCodeCache                       = true                                      {product} {ergonomic}
     bool UseCompressedClassPointers               = true                                 {lp64_product} {ergonomic}
     bool UseCompressedOops                        = true                                 {lp64_product} {ergonomic}
     bool UseG1GC                                  = true                                      {product} {ergonomic}
     bool UseLargePagesIndividualAllocation        = false                                  {pd product} {ergonomic}

Logging:
Log output configuration:
 #0: stdout all=warning uptime,level,tags
 #1: stderr all=off uptime,level,tags

Environment Variables:
JAVA_HOME=C:\Program Files\Amazon Corretto\jdk11.0.12_7
PATH=C:/Program Files/Amazon Corretto/jdk11.0.12_7/bin/server;C:/Program Files/Amazon Corretto/jdk11.0.12_7/bin;C:\Program Files (x86)\Razer Chroma SDK\bin;C:\Program Files\Razer Chroma SDK\bin;C:\Program Files (x86)\Razer\ChromaBroadcast\bin;C:\Program Files\Razer\ChromaBroadcast\bin;C:\Program Files\Amazon Corretto\jdk11.0.12_7\bin;C:\Program Files\Amazon Corretto\jdk1.8.0_302\bin;C:\Windows\system32;C:\Windows;C:\Windows\System32\Wbem;C:\Windows\System32\WindowsPowerShell\v1.0\;C:\Windows\System32\OpenSSH\;C:\Program Files (x86)\NVIDIA Corporation\PhysX\Common;C:\Program Files\NVIDIA Corporation\NVIDIA NvDLISR;C:\Program Files\Git\cmd;C:\Windows\system32\config\systemprofile\AppData\Local\Microsoft\WindowsApps;C:\Program Files\nodejs\;C:\Program Files\dotnet\;C:\Program Files\Microsoft SQL Server\130\Tools\Binn\;C:\Program Files\Microsoft SQL Server\Client SDK\ODBC\170\Tools\Binn\;C:\Program Files (x86)\Pulse Secure\VC142.CRT\X64\;C:\Program Files (x86)\Pulse Secure\VC142.CRT\X86\;C:\Program Files (x86)\dotnet\;C:\Program Files\MySQL\MySQL Shell 8.0\bin\;C:\Users\Ray Nx\AppData\Local\Microsoft\WindowsApps;;C:\Users\Ray Nx\AppData\Local\Programs\Microsoft VS Code\bin;C:\Users\Ray Nx\AppData\Roaming\npm;C:\Users\Ray Nx\.dotnet\tools;C:\Windows\system32;
USERNAME=Ray Nx
OS=Windows_NT
PROCESSOR_IDENTIFIER=AMD64 Family 25 Model 33 Stepping 0, AuthenticAMD



---------------  S Y S T E M  ---------------

OS: Windows 10 , 64 bit Build 19041 (10.0.19041.1202)
OS uptime: 0 days 11:26 hours

CPU:total 16 (initial active 16) (16 cores per cpu, 2 threads per core) family 25 model 33 stepping 0 microcode 0x0, cmov, cx8, fxsr, mmx, sse, sse2, sse3, ssse3, sse4.1, sse4.2, popcnt, avx, avx2, aes, clmul, erms, mmxext, 3dnowpref, lzcnt, sse4a, ht, tsc, tscinvbit, tscinv, bmi1, bmi2, adx, sha, fma

Memory: 4k page, system-wide physical 32683M (22453M free)
TotalPageFile size 37547M (AvailPageFile size 19292M)
current process WorkingSet (physical memory assigned to process): 79M, peak: 89M
current process commit charge ("private bytes"): 627M, peak: 637M

vm_info: OpenJDK 64-Bit Server VM (11.0.12+7-LTS) for windows-amd64 JRE (11.0.12+7-LTS), built on Jul 13 2021 17:58:36 by "Administrator" with unknown MS VC++:1916

END.
